\BOOKMARK [0][-]{chapter*.9}{Introduction}{}% 1
\BOOKMARK [0][-]{chapter.1}{Chapter 1: Computational Economics and Auctions}{}% 2
\BOOKMARK [1][-]{section.1.1}{Auctions, Equilibria, and Anarchy}{chapter.1}% 3
\BOOKMARK [2][-]{subsection.1.1.1}{The Price of Anarchy}{section.1.1}% 4
\BOOKMARK [2][-]{subsection.1.1.2}{Auctions}{section.1.1}% 5
\BOOKMARK [1][-]{section.1.2}{Simulated Agents and Simulated Economies}{chapter.1}% 6
\BOOKMARK [0][-]{chapter.2}{Chapter 2: Price of Anarchy in First Price Auctions}{}% 7
\BOOKMARK [1][-]{section.2.1}{Auctions as Bayesian Games}{chapter.2}% 8
\BOOKMARK [2][-]{subsection.2.1.1}{Bayesian Games}{section.2.1}% 9
\BOOKMARK [0][-]{chapter.3}{Chapter 3: Literature Review}{}% 10
\BOOKMARK [1][-]{section.3.1}{Why use Agent Based Modeling?}{chapter.3}% 11
\BOOKMARK [2][-]{subsection.3.1.1}{The Logic of Agent Based Simulations}{section.3.1}% 12
\BOOKMARK [2][-]{subsection.3.1.2}{Game Theory and Computation}{section.3.1}% 13
\BOOKMARK [2][-]{subsection.3.1.3}{Example: Schelling's Segregation Model}{section.3.1}% 14
\BOOKMARK [0][-]{chapter.4}{Chapter 4: Auctions and Markets}{}% 15
\BOOKMARK [1][-]{subsection.4.0.1}{Basic Notation and Ideas}{chapter.4}% 16
\BOOKMARK [0][-]{chapter.5}{Chapter 5: Agent Systems}{}% 17
\BOOKMARK [1][-]{section.5.1}{Agents}{chapter.5}% 18
\BOOKMARK [2][-]{subsection.5.1.1}{In Economics}{section.5.1}% 19
\BOOKMARK [2][-]{subsection.5.1.2}{In Artificial Intelligence}{section.5.1}% 20
\BOOKMARK [1][-]{section.5.2}{Formal Model of Agents}{chapter.5}% 21
\BOOKMARK [2][-]{subsection.5.2.1}{Task Environment}{section.5.2}% 22
\BOOKMARK [2][-]{subsection.5.2.2}{Agents Who Learn}{section.5.2}% 23
\BOOKMARK [0][-]{chapter.6}{Chapter 6: Reinforcement Learning}{}% 24
\BOOKMARK [1][-]{section.6.1}{Single Agent Learning}{chapter.6}% 25
\BOOKMARK [2][-]{subsection.6.1.1}{Q-Learning}{section.6.1}% 26
\BOOKMARK [2][-]{subsection.6.1.2}{Deep Reinforcement Learning}{section.6.1}% 27
\BOOKMARK [0][-]{chapter.7}{Chapter 7: Tables and Graphics}{}% 28
\BOOKMARK [1][-]{section.7.1}{Tables}{chapter.7}% 29
\BOOKMARK [1][-]{section.7.2}{Figures}{chapter.7}% 30
\BOOKMARK [1][-]{section.7.3}{More Figure Stuff}{chapter.7}% 31
\BOOKMARK [1][-]{section.7.4}{Even More Figure Stuff}{chapter.7}% 32
\BOOKMARK [2][-]{subsection.7.4.1}{Common Modifications}{section.7.4}% 33
\BOOKMARK [0][-]{chapter*.10}{Conclusion}{}% 34
\BOOKMARK [1][-]{section.4.1}{More info}{chapter*.10}% 35
\BOOKMARK [0][-]{appendix.A}{Appendix A: The First Appendix}{}% 36
\BOOKMARK [0][-]{appendix.B}{Appendix B: The Second Appendix, for Fun}{}% 37
\BOOKMARK [0][-]{appendix*.11}{Bibliography}{}% 38
